Determining if the pthread_create exist failed with the following output:
Change Dir: /home/ubuntu/tic_work/build/CMakeFiles/CMakeTmp

Run Build Command:"/usr/bin/make" "cmTC_6602a/fast"
/usr/bin/make -f CMakeFiles/cmTC_6602a.dir/build.make CMakeFiles/cmTC_6602a.dir/build
make[1]: Entering directory '/home/ubuntu/tic_work/build/CMakeFiles/CMakeTmp'
Building C object CMakeFiles/cmTC_6602a.dir/CheckSymbolExists.c.o
/usr/bin/cc     -o CMakeFiles/cmTC_6602a.dir/CheckSymbolExists.c.o   -c /home/ubuntu/tic_work/build/CMakeFiles/CMakeTmp/CheckSymbolExists.c
Linking C executable cmTC_6602a
/usr/bin/cmake -E cmake_link_script CMakeFiles/cmTC_6602a.dir/link.txt --verbose=1
/usr/bin/cc       CMakeFiles/cmTC_6602a.dir/CheckSymbolExists.c.o  -o cmTC_6602a -rdynamic 
CMakeFiles/cmTC_6602a.dir/CheckSymbolExists.c.o: In function `main':
CheckSymbolExists.c:(.text+0x16): undefined reference to `pthread_create'
collect2: error: ld returned 1 exit status
CMakeFiles/cmTC_6602a.dir/build.make:97: recipe for target 'cmTC_6602a' failed
make[1]: *** [cmTC_6602a] Error 1
make[1]: Leaving directory '/home/ubuntu/tic_work/build/CMakeFiles/CMakeTmp'
Makefile:126: recipe for target 'cmTC_6602a/fast' failed
make: *** [cmTC_6602a/fast] Error 2

File /home/ubuntu/tic_work/build/CMakeFiles/CMakeTmp/CheckSymbolExists.c:
/* */
#include <pthread.h>

int main(int argc, char** argv)
{
  (void)argv;
#ifndef pthread_create
  return ((int*)(&pthread_create))[argc];
#else
  (void)argc;
  return 0;
#endif
}

Determining if the function pthread_create exists in the pthreads failed with the following output:
Change Dir: /home/ubuntu/tic_work/build/CMakeFiles/CMakeTmp

Run Build Command:"/usr/bin/make" "cmTC_1dfa8/fast"
/usr/bin/make -f CMakeFiles/cmTC_1dfa8.dir/build.make CMakeFiles/cmTC_1dfa8.dir/build
make[1]: Entering directory '/home/ubuntu/tic_work/build/CMakeFiles/CMakeTmp'
Building C object CMakeFiles/cmTC_1dfa8.dir/CheckFunctionExists.c.o
/usr/bin/cc    -DCHECK_FUNCTION_EXISTS=pthread_create   -o CMakeFiles/cmTC_1dfa8.dir/CheckFunctionExists.c.o   -c /usr/share/cmake-3.5/Modules/CheckFunctionExists.c
Linking C executable cmTC_1dfa8
/usr/bin/cmake -E cmake_link_script CMakeFiles/cmTC_1dfa8.dir/link.txt --verbose=1
/usr/bin/cc   -DCHECK_FUNCTION_EXISTS=pthread_create    CMakeFiles/cmTC_1dfa8.dir/CheckFunctionExists.c.o  -o cmTC_1dfa8 -rdynamic -lpthreads 
/usr/bin/ld: cannot find -lpthreads
collect2: error: ld returned 1 exit status
CMakeFiles/cmTC_1dfa8.dir/build.make:97: recipe for target 'cmTC_1dfa8' failed
make[1]: *** [cmTC_1dfa8] Error 1
make[1]: Leaving directory '/home/ubuntu/tic_work/build/CMakeFiles/CMakeTmp'
Makefile:126: recipe for target 'cmTC_1dfa8/fast' failed
make: *** [cmTC_1dfa8/fast] Error 2


